[ERROR] 2021/09/05 15:06:20 logger.go:99: net error, err:[dial tcp [::1]:8081: connect: connection refused]
[ERROR] 2021/09/05 15:06:24 logger.go:99: net error, err:[dial tcp [::1]:8081: connect: connection refused]
[ERROR] 2021/09/05 15:06:40 logger.go:99: net error, err:[dial tcp [::1]:8081: connect: connection refused]
[DEBUG] 2021/09/05 15:26:16 logger.go:57: Current time:[2021-09-05 23:26:16.962111 +0800 CST m=+1.005400225]
[DEBUG] 2021/09/05 15:26:17 logger.go:57: Current time:[2021-09-05 23:26:17.963022 +0800 CST m=+2.006312012]
[DEBUG] 2021/09/05 15:26:18 logger.go:57: Current time:[2021-09-05 23:26:18.962797 +0800 CST m=+3.006088289]
[DEBUG] 2021/09/05 15:26:19 logger.go:57: Current time:[2021-09-05 23:26:19.96341 +0800 CST m=+4.006702017]
[DEBUG] 2021/09/05 15:26:20 logger.go:57: Current time:[2021-09-05 23:26:20.96208 +0800 CST m=+5.005372711]
[DEBUG] 2021/09/05 15:26:21 logger.go:57: Current time:[2021-09-05 23:26:21.963055 +0800 CST m=+6.006349088]
[DEBUG] 2021/09/05 15:26:22 logger.go:57: Current time:[2021-09-05 23:26:22.963201 +0800 CST m=+7.006496135]
[DEBUG] 2021/09/05 15:26:23 logger.go:57: Current time:[2021-09-05 23:26:23.965414 +0800 CST m=+8.008710171]
[DEBUG] 2021/09/05 15:26:24 logger.go:57: Current time:[2021-09-05 23:26:24.96282 +0800 CST m=+9.006116520]
[DEBUG] 2021/09/05 15:26:25 logger.go:57: Current time:[2021-09-05 23:26:25.962132 +0800 CST m=+10.005430071]
[DEBUG] 2021/09/05 15:26:26 logger.go:57: Current time:[2021-09-05 23:26:26.963275 +0800 CST m=+11.006574443]
[DEBUG] 2021/09/05 15:26:27 logger.go:57: Current time:[2021-09-05 23:26:27.965138 +0800 CST m=+12.008438071]
[DEBUG] 2021/09/05 15:26:28 logger.go:57: Current time:[2021-09-05 23:26:28.961099 +0800 CST m=+13.004400418]
[DEBUG] 2021/09/05 15:26:29 logger.go:57: Current time:[2021-09-05 23:26:29.962085 +0800 CST m=+14.005387106]
[DEBUG] 2021/09/05 15:57:55 logger.go:57: Current time:[2021-09-05 23:57:55.654083 +0800 CST m=+5.005217408]
[DEBUG] 2021/09/05 15:58:00 logger.go:57: Current time:[2021-09-05 23:58:00.654145 +0800 CST m=+10.005316983]
[DEBUG] 2021/09/05 15:58:05 logger.go:57: Current time:[2021-09-05 23:58:05.654048 +0800 CST m=+15.005258498]
[DEBUG] 2021/09/05 15:58:10 logger.go:57: Current time:[2021-09-05 23:58:10.65498 +0800 CST m=+20.006227955]
[DEBUG] 2021/09/05 15:59:15 logger.go:57: Current time:[2021-09-05 23:59:15.430373 +0800 CST m=+5.002607632]
[DEBUG] 2021/09/05 15:59:20 logger.go:57: Current time:[2021-09-05 23:59:20.432916 +0800 CST m=+10.005189138]
[DEBUG] 2021/09/05 15:59:25 logger.go:57: Current time:[2021-09-05 23:59:25.430765 +0800 CST m=+15.003076075]
[DEBUG] 2021/09/05 15:59:30 logger.go:57: Current time:[2021-09-05 23:59:30.432876 +0800 CST m=+20.005224729]
[DEBUG] 2021/09/05 15:59:35 logger.go:57: Current time:[2021-09-05 23:59:35.430424 +0800 CST m=+25.002810528]
[DEBUG] 2021/09/06 14:36:08 logger.go:57: Current time:[2021-09-06 22:36:08.720052 +0800 CST m=+5.006639098]
[DEBUG] 2021/09/06 14:36:08 logger.go:57: Recv:[]
[DEBUG] 2021/09/06 14:36:13 logger.go:57: Current time:[2021-09-06 22:36:13.719173 +0800 CST m=+10.005727745]
[DEBUG] 2021/09/06 14:36:13 logger.go:57: Recv:[]
[DEBUG] 2021/09/06 14:36:18 logger.go:57: Current time:[2021-09-06 22:36:18.718106 +0800 CST m=+15.004629775]
[DEBUG] 2021/09/06 14:36:18 logger.go:57: Recv:[]
[DEBUG] 2021/09/06 14:38:12 logger.go:57: Current time:[2021-09-06 22:38:12.870344 +0800 CST m=+5.002498335]
[DEBUG] 2021/09/06 14:38:12 logger.go:57: Recv:[]
[DEBUG] 2021/09/06 14:38:17 logger.go:57: Current time:[2021-09-06 22:38:17.874269 +0800 CST m=+10.006391692]
[DEBUG] 2021/09/06 14:38:17 logger.go:57: Recv:[]
[DEBUG] 2021/09/06 14:38:22 logger.go:57: Current time:[2021-09-06 22:38:22.874258 +0800 CST m=+15.006348989]
[DEBUG] 2021/09/06 14:38:22 logger.go:57: Recv:[]
[DEBUG] 2021/09/06 14:38:27 logger.go:57: Current time:[2021-09-06 22:38:27.874192 +0800 CST m=+20.006250467]
[DEBUG] 2021/09/06 14:38:27 logger.go:57: Recv:[]
[DEBUG] 2021/09/06 14:38:32 logger.go:57: Current time:[2021-09-06 22:38:32.873085 +0800 CST m=+25.005112388]
[DEBUG] 2021/09/06 14:38:32 logger.go:57: Recv:[]
[DEBUG] 2021/09/06 14:38:37 logger.go:57: Current time:[2021-09-06 22:38:37.875337 +0800 CST m=+30.007333052]
[DEBUG] 2021/09/06 14:38:37 logger.go:57: Recv:[]
[DEBUG] 2021/09/06 14:38:42 logger.go:57: Current time:[2021-09-06 22:38:42.874411 +0800 CST m=+35.006375062]
[DEBUG] 2021/09/06 14:38:42 logger.go:57: Recv:[]
[DEBUG] 2021/09/06 14:38:47 logger.go:57: Current time:[2021-09-06 22:38:47.873054 +0800 CST m=+40.004986107]
[DEBUG] 2021/09/06 14:38:47 logger.go:57: Recv:[]
[DEBUG] 2021/09/06 14:38:52 logger.go:57: Current time:[2021-09-06 22:38:52.8741 +0800 CST m=+45.006001227]
[DEBUG] 2021/09/06 14:38:52 logger.go:57: Recv:[]
[DEBUG] 2021/09/06 14:38:57 logger.go:57: Current time:[2021-09-06 22:38:57.873985 +0800 CST m=+50.005853995]
[DEBUG] 2021/09/06 14:38:57 logger.go:57: Recv:[]
[DEBUG] 2021/09/06 14:39:02 logger.go:57: Current time:[2021-09-06 22:39:02.874421 +0800 CST m=+55.006258143]
[DEBUG] 2021/09/06 14:39:02 logger.go:57: Recv:[]
[DEBUG] 2021/09/06 14:39:07 logger.go:57: Current time:[2021-09-06 22:39:07.875343 +0800 CST m=+60.007149022]
[DEBUG] 2021/09/06 14:39:07 logger.go:57: Recv:[]
[DEBUG] 2021/09/06 14:39:12 logger.go:57: Current time:[2021-09-06 22:39:12.873776 +0800 CST m=+65.005550463]
[DEBUG] 2021/09/06 14:39:12 logger.go:57: Recv:[]
[DEBUG] 2021/09/06 14:39:17 logger.go:57: Current time:[2021-09-06 22:39:17.873125 +0800 CST m=+70.004867663]
[DEBUG] 2021/09/06 14:39:17 logger.go:57: Recv:[]
[DEBUG] 2021/09/06 14:39:22 logger.go:57: Current time:[2021-09-06 22:39:22.875052 +0800 CST m=+75.006763337]
[DEBUG] 2021/09/06 14:39:22 logger.go:57: Recv:[]
[DEBUG] 2021/09/06 14:39:27 logger.go:57: Current time:[2021-09-06 22:39:27.873862 +0800 CST m=+80.005541367]
[DEBUG] 2021/09/06 14:39:27 logger.go:57: Recv:[]
[DEBUG] 2021/09/06 14:39:32 logger.go:57: Current time:[2021-09-06 22:39:32.874112 +0800 CST m=+85.005759727]
[DEBUG] 2021/09/06 14:39:32 logger.go:57: Recv:[]
[DEBUG] 2021/09/06 14:39:37 logger.go:57: Current time:[2021-09-06 22:39:37.874116 +0800 CST m=+90.005732233]
[DEBUG] 2021/09/06 14:39:37 logger.go:57: Recv:[]
[DEBUG] 2021/09/06 14:39:42 logger.go:57: Current time:[2021-09-06 22:39:42.874942 +0800 CST m=+95.006526816]
[DEBUG] 2021/09/06 14:39:42 logger.go:57: Recv:[]
[DEBUG] 2021/09/06 14:39:47 logger.go:57: Current time:[2021-09-06 22:39:47.872819 +0800 CST m=+100.004371829]
[DEBUG] 2021/09/06 14:39:47 logger.go:57: Recv:[]
[DEBUG] 2021/09/06 14:39:52 logger.go:57: Current time:[2021-09-06 22:39:52.874811 +0800 CST m=+105.006332694]
[DEBUG] 2021/09/06 14:39:52 logger.go:57: Recv:[]
[DEBUG] 2021/09/06 14:39:57 logger.go:57: Current time:[2021-09-06 22:39:57.874057 +0800 CST m=+110.005547113]
[DEBUG] 2021/09/06 14:39:57 logger.go:57: Recv:[]
[DEBUG] 2021/09/06 14:40:02 logger.go:57: Current time:[2021-09-06 22:40:02.874092 +0800 CST m=+115.005550163]
[DEBUG] 2021/09/06 14:40:02 logger.go:57: Recv:[]
[DEBUG] 2021/09/06 14:46:15 logger.go:57: Current time:[2021-09-06 22:46:15.100541 +0800 CST m=+5.005568397]
[DEBUG] 2021/09/06 14:46:15 logger.go:57: Send msg:[[8 183 211 216 137 6]]
[ERROR] 2021/09/06 14:46:15 logger.go:99: net error, err:[]
[DEBUG] 2021/09/06 15:11:32 logger.go:57: Current time:[2021-09-06 23:11:32.00222 +0800 CST m=+5.006296695]
[DEBUG] 2021/09/06 15:11:32 logger.go:57: Send msg:[[8 164 223 216 137 6]]
[ERROR] 2021/09/06 15:11:32 logger.go:99: net error, err:[]
[DEBUG] 2021/09/06 15:17:26 logger.go:57: Current time:[2021-09-06 23:17:26.30926 +0800 CST m=+5.004520200]
[DEBUG] 2021/09/06 15:17:26 logger.go:57: Send msg:[[8 134 226 216 137 6]]
[ERROR] 2021/09/06 15:17:26 logger.go:99: net error, err:[]
[DEBUG] 2021/09/06 15:20:09 logger.go:57: Current time:[2021-09-06 23:20:09.174593 +0800 CST m=+5.005051997]
[DEBUG] 2021/09/06 15:20:09 logger.go:57: Send msg:[[8 169 227 216 137 6]]
[DEBUG] 2021/09/06 15:20:09 logger.go:57: Recv:[time:1630941609]
[DEBUG] 2021/09/06 15:20:14 logger.go:57: Current time:[2021-09-06 23:20:14.17635 +0800 CST m=+10.006914215]
[DEBUG] 2021/09/06 15:20:14 logger.go:57: Send msg:[[8 174 227 216 137 6]]
[DEBUG] 2021/09/06 15:20:14 logger.go:57: Recv:[time:1630941614]
[DEBUG] 2021/09/06 15:20:19 logger.go:57: Current time:[2021-09-06 23:20:19.175416 +0800 CST m=+15.006086619]
[DEBUG] 2021/09/06 15:20:19 logger.go:57: Send msg:[[8 179 227 216 137 6]]
[DEBUG] 2021/09/06 15:20:19 logger.go:57: Recv:[time:1630941619]
[DEBUG] 2021/09/06 15:20:24 logger.go:57: Current time:[2021-09-06 23:20:24.176201 +0800 CST m=+20.006977155]
[DEBUG] 2021/09/06 15:20:24 logger.go:57: Send msg:[[8 184 227 216 137 6]]
[DEBUG] 2021/09/06 15:20:24 logger.go:57: Recv:[time:1630941624]
[DEBUG] 2021/09/06 15:21:39 logger.go:57: Current time:[2021-09-06 23:21:39.222076 +0800 CST m=+5.006490274]
[DEBUG] 2021/09/06 15:21:39 logger.go:57: Send msg:[[8 131 228 216 137 6]]
[DEBUG] 2021/09/06 15:21:39 logger.go:57: Recv, msg:[time:1630941699]
[DEBUG] 2021/09/06 15:21:44 logger.go:57: Current time:[2021-09-06 23:21:44.221581 +0800 CST m=+10.006101433]
[DEBUG] 2021/09/06 15:21:44 logger.go:57: Send msg:[[8 136 228 216 137 6]]
[DEBUG] 2021/09/06 15:21:44 logger.go:57: Recv, msg:[time:1630941704]
[DEBUG] 2021/09/06 15:21:49 logger.go:57: Current time:[2021-09-06 23:21:49.221173 +0800 CST m=+15.005798932]
[DEBUG] 2021/09/06 15:21:49 logger.go:57: Send msg:[[8 141 228 216 137 6]]
[DEBUG] 2021/09/06 15:21:49 logger.go:57: Recv, msg:[time:1630941709]
[DEBUG] 2021/09/06 15:21:54 logger.go:57: Current time:[2021-09-06 23:21:54.220523 +0800 CST m=+20.005254823]
[DEBUG] 2021/09/06 15:21:54 logger.go:57: Send msg:[[8 146 228 216 137 6]]
[DEBUG] 2021/09/06 15:21:54 logger.go:57: Recv, msg:[time:1630941714]
[DEBUG] 2021/09/06 15:21:59 logger.go:57: Current time:[2021-09-06 23:21:59.221351 +0800 CST m=+25.006188943]
[DEBUG] 2021/09/06 15:21:59 logger.go:57: Send msg:[[8 151 228 216 137 6]]
[DEBUG] 2021/09/06 15:21:59 logger.go:57: Recv, msg:[time:1630941719]
[DEBUG] 2021/09/06 15:22:04 logger.go:57: Current time:[2021-09-06 23:22:04.222293 +0800 CST m=+30.007236605]
[DEBUG] 2021/09/06 15:22:04 logger.go:57: Send msg:[[8 156 228 216 137 6]]
[DEBUG] 2021/09/06 15:22:04 logger.go:57: Recv, msg:[time:1630941724]
[DEBUG] 2021/09/06 15:22:09 logger.go:57: Current time:[2021-09-06 23:22:09.221061 +0800 CST m=+35.006110612]
[DEBUG] 2021/09/06 15:22:09 logger.go:57: Send msg:[[8 161 228 216 137 6]]
[DEBUG] 2021/09/06 15:22:09 logger.go:57: Recv, msg:[time:1630941729]
[DEBUG] 2021/09/06 15:22:14 logger.go:57: Current time:[2021-09-06 23:22:14.220964 +0800 CST m=+40.006119178]
[DEBUG] 2021/09/06 15:22:14 logger.go:57: Send msg:[[8 166 228 216 137 6]]
[DEBUG] 2021/09/06 15:22:14 logger.go:57: Recv, msg:[time:1630941734]
[DEBUG] 2021/09/06 15:22:19 logger.go:57: Current time:[2021-09-06 23:22:19.222102 +0800 CST m=+45.007362891]
[DEBUG] 2021/09/06 15:22:19 logger.go:57: Send msg:[[8 171 228 216 137 6]]
[DEBUG] 2021/09/06 15:22:19 logger.go:57: Recv, msg:[time:1630941739]
[DEBUG] 2021/09/06 15:22:24 logger.go:57: Current time:[2021-09-06 23:22:24.219092 +0800 CST m=+50.004458557]
[DEBUG] 2021/09/06 15:22:24 logger.go:57: Send msg:[[8 176 228 216 137 6]]
[DEBUG] 2021/09/06 15:22:24 logger.go:57: Recv, msg:[time:1630941744]
[DEBUG] 2021/09/06 15:22:29 logger.go:57: Current time:[2021-09-06 23:22:29.220947 +0800 CST m=+55.006419516]
[DEBUG] 2021/09/06 15:22:29 logger.go:57: Send msg:[[8 181 228 216 137 6]]
[DEBUG] 2021/09/06 15:22:29 logger.go:57: Recv, msg:[time:1630941749]
[DEBUG] 2021/09/06 15:22:34 logger.go:57: Current time:[2021-09-06 23:22:34.221062 +0800 CST m=+60.006640037]
[DEBUG] 2021/09/06 15:22:34 logger.go:57: Send msg:[[8 186 228 216 137 6]]
[DEBUG] 2021/09/06 15:22:34 logger.go:57: Recv, msg:[time:1630941754]
[DEBUG] 2021/09/06 15:22:39 logger.go:57: Current time:[2021-09-06 23:22:39.22117 +0800 CST m=+65.006854135]
[DEBUG] 2021/09/06 15:22:39 logger.go:57: Send msg:[[8 191 228 216 137 6]]
[DEBUG] 2021/09/06 15:22:39 logger.go:57: Recv, msg:[time:1630941759]
[DEBUG] 2021/09/06 15:22:44 logger.go:57: Current time:[2021-09-06 23:22:44.220596 +0800 CST m=+70.006386018]
[DEBUG] 2021/09/06 15:22:44 logger.go:57: Send msg:[[8 196 228 216 137 6]]
[DEBUG] 2021/09/06 15:22:44 logger.go:57: Recv, msg:[time:1630941764]
[DEBUG] 2021/09/06 15:22:49 logger.go:57: Current time:[2021-09-06 23:22:49.218223 +0800 CST m=+75.004118764]
[DEBUG] 2021/09/06 15:22:49 logger.go:57: Send msg:[[8 201 228 216 137 6]]
[DEBUG] 2021/09/06 15:22:49 logger.go:57: Recv, msg:[time:1630941769]
[DEBUG] 2021/09/06 15:23:21 logger.go:57: Current time:[2021-09-06T23:23:21+08:00]
[DEBUG] 2021/09/06 15:23:21 logger.go:57: Send msg:[[8 233 228 216 137 6]]
[DEBUG] 2021/09/06 15:23:21 logger.go:57: Recv, msg:[time:1630941801]
[DEBUG] 2021/09/06 15:23:26 logger.go:57: Current time:[2021-09-06T23:23:26+08:00]
[DEBUG] 2021/09/06 15:23:26 logger.go:57: Send msg:[[8 238 228 216 137 6]]
[DEBUG] 2021/09/06 15:23:26 logger.go:57: Recv, msg:[time:1630941806]
[DEBUG] 2021/09/06 15:23:31 logger.go:57: Current time:[2021-09-06T23:23:31+08:00]
[DEBUG] 2021/09/06 15:23:31 logger.go:57: Send msg:[[8 243 228 216 137 6]]
[DEBUG] 2021/09/06 15:23:31 logger.go:57: Recv, msg:[time:1630941811]
[DEBUG] 2021/09/06 15:23:36 logger.go:57: Current time:[2021-09-06T23:23:36+08:00]
[DEBUG] 2021/09/06 15:23:36 logger.go:57: Send msg:[[8 248 228 216 137 6]]
[DEBUG] 2021/09/06 15:23:36 logger.go:57: Recv, msg:[time:1630941816]
[DEBUG] 2021/09/06 15:23:41 logger.go:57: Current time:[2021-09-06T23:23:41+08:00]
[DEBUG] 2021/09/06 15:23:41 logger.go:57: Send msg:[[8 253 228 216 137 6]]
[DEBUG] 2021/09/06 15:23:41 logger.go:57: Recv, msg:[time:1630941821]
[DEBUG] 2021/09/06 15:23:46 logger.go:57: Current time:[2021-09-06T23:23:46+08:00]
[DEBUG] 2021/09/06 15:23:46 logger.go:57: Send msg:[[8 130 229 216 137 6]]
[DEBUG] 2021/09/06 15:23:46 logger.go:57: Recv, msg:[time:1630941826]
[DEBUG] 2021/09/06 15:23:51 logger.go:57: Current time:[2021-09-06T23:23:51+08:00]
[DEBUG] 2021/09/06 15:23:51 logger.go:57: Send msg:[[8 135 229 216 137 6]]
[DEBUG] 2021/09/06 15:23:51 logger.go:57: Recv, msg:[time:1630941831]
[DEBUG] 2021/09/06 15:23:56 logger.go:57: Current time:[2021-09-06T23:23:56+08:00]
[DEBUG] 2021/09/06 15:23:56 logger.go:57: Send msg:[[8 140 229 216 137 6]]
[DEBUG] 2021/09/06 15:23:56 logger.go:57: Recv, msg:[time:1630941836]
[DEBUG] 2021/09/06 15:24:01 logger.go:57: Current time:[2021-09-06T23:24:01+08:00]
[DEBUG] 2021/09/06 15:24:01 logger.go:57: Send msg:[[8 145 229 216 137 6]]
[DEBUG] 2021/09/06 15:24:01 logger.go:57: Recv, msg:[time:1630941841]
[DEBUG] 2021/09/06 15:24:06 logger.go:57: Current time:[2021-09-06T23:24:06+08:00]
[DEBUG] 2021/09/06 15:24:06 logger.go:57: Send msg:[[8 150 229 216 137 6]]
[DEBUG] 2021/09/06 15:24:06 logger.go:57: Recv, msg:[time:1630941846]
[DEBUG] 2021/09/06 15:24:11 logger.go:57: Current time:[2021-09-06T23:24:11+08:00]
[DEBUG] 2021/09/06 15:24:11 logger.go:57: Send msg:[[8 155 229 216 137 6]]
[DEBUG] 2021/09/06 15:24:11 logger.go:57: Recv, msg:[time:1630941851]
[DEBUG] 2021/09/06 15:24:16 logger.go:57: Current time:[2021-09-06T23:24:16+08:00]
[DEBUG] 2021/09/06 15:24:16 logger.go:57: Send msg:[[8 160 229 216 137 6]]
[DEBUG] 2021/09/06 15:24:16 logger.go:57: Recv, msg:[time:1630941856]
[DEBUG] 2021/09/06 15:24:21 logger.go:57: Current time:[2021-09-06T23:24:21+08:00]
[DEBUG] 2021/09/06 15:24:21 logger.go:57: Send msg:[[8 165 229 216 137 6]]
[DEBUG] 2021/09/06 15:24:21 logger.go:57: Recv, msg:[time:1630941861]
[DEBUG] 2021/09/06 15:24:26 logger.go:57: Current time:[2021-09-06T23:24:26+08:00]
[DEBUG] 2021/09/06 15:24:26 logger.go:57: Send msg:[[8 170 229 216 137 6]]
[DEBUG] 2021/09/06 15:24:26 logger.go:57: Recv, msg:[time:1630941866]
[DEBUG] 2021/09/06 15:24:31 logger.go:57: Current time:[2021-09-06T23:24:31+08:00]
[DEBUG] 2021/09/06 15:24:31 logger.go:57: Send msg:[[8 175 229 216 137 6]]
[DEBUG] 2021/09/06 15:24:31 logger.go:57: Recv, msg:[time:1630941871]
